<?xml version="1.0" encoding="UTF-8"?>
<!-- Generated by org.testng.reporters.JUnitReportReporter -->
<testsuite hostname="HYDHTC243595D" name="testsuite.testcases.TC02_GetCustomerCase" tests="1" failures="0" timestamp="16 Feb 2016 08:49:23 GMT" time="253.475" errors="0">
  <testcase name="GetCustomerCase" time="253.475" classname="testsuite.testcases.TC02_GetCustomerCase"/>
</testsuite> <!-- testsuite.testcases.TC02_GetCustomerCase -->
