<?xml version="1.0" encoding="UTF-8"?>
<!-- Generated by org.testng.reporters.JUnitReportReporter -->
<testsuite skipped="0" hostname="HYDHTC141698L" name="test.Test1" tests="1" failures="0" timestamp="19 Dec 2018 09:17:33 GMT" time="75.866" errors="0">
  <testcase name="CreateNewCase" time="75.866" classname="test.Test1"/>
</testsuite> <!-- test.Test1 -->
